0 info it worked if it ends with ok
1 verbose cli [ '/usr/bin/node', '/usr/bin/npm', 'run', 'compile:sass' ]
2 info using npm@3.5.2
3 info using node@v8.10.0
4 verbose run-script [ 'precompile:sass', 'compile:sass', 'postcompile:sass' ]
5 info lifecycle natours@1.0.0~precompile:sass: natours@1.0.0
6 silly lifecycle natours@1.0.0~precompile:sass: no script for precompile:sass, continuing
7 info lifecycle natours@1.0.0~compile:sass: natours@1.0.0
8 verbose lifecycle natours@1.0.0~compile:sass: unsafe-perm in lifecycle true
9 verbose lifecycle natours@1.0.0~compile:sass: PATH: /usr/share/npm/bin/node-gyp-bin:/mnt/c/Users/lochr/OneDrive/Desktop/Udemy/advanced-css-course/Natours/starter/node_modules/.bin:/home/ceelo777/.local/bin:/usr/local/sbin:/usr/local/bin:/usr/sbin:/usr/bin:/sbin:/bin:/usr/games:/usr/local/games:/mnt/c/Program Files/WindowsApps/CanonicalGroupLimited.Ubuntu18.04onWindows_2020.1804.7.0_x64__79rhkp1fndgsc:/mnt/c/Program Files (x86)/Common Files/Oracle/Java/javapath:/mnt/c/Program Files (x86)/Intel/iCLS Client/:/mnt/c/Program Files/Intel/iCLS Client/:/mnt/c/WINDOWS/system32:/mnt/c/Program Files/mingw-w64/mingw64/bin:/mnt/c/WINDOWS:/mnt/c/WINDOWS/System32/Wbem:/mnt/c/WINDOWS/System32/WindowsPowerShell/v1.0/:/mnt/c/Program Files (x86)/Intel/Intel(R) Management Engine Components/DAL:/mnt/c/Program Files/Intel/Intel(R) Management Engine Components/DAL:/mnt/c/Program Files (x86)/Intel/Intel(R) Management Engine Components/IPT:/mnt/c/Program Files/Intel/Intel(R) Management Engine Components/IPT:/mnt/c/WINDOWS/System32/OpenSSH/:/mnt/c/Program Files/Java/jdk1.8.0_231/bin:/mnt/c/Program Files/Git/cmd:/mnt/c/Program Files/PuTTY/:/mnt/c/Users/lochr/AppData/Local/Microsoft/WindowsApps:/mnt/c/Users/lochr/AppData/Roaming/Dashlane/4.6.6.23032/bin/Firefox_Extension/{442718d9-475e-452a-b3e1-fb1ee16b8e9f}/components:/mnt/c/Users/lochr/AppData/Roaming/Dashlane/5.7.0.16178/bin/Firefox_Extension/{442718d9-475e-452a-b3e1-fb1ee16b8e9f}/components:/mnt/c/Users/lochr/AppData/Roaming/Dashlane/5.7.0.16178/ucrt:/mnt/c/Users/lochr/AppData/Local/GitHubDesktop/bin:/mnt/c/Users/lochr/AppData/Local/Microsoft/WindowsApps:/mnt/c/Users/lochr/AppData/Roaming/Dashlane/6.1.0.11480/bin/Firefox_Extension/{442718d9-475e-452a-b3e1-fb1ee16b8e9f}/components:/mnt/c/Users/lochr/AppData/Roaming/Dashlane/6.1.0.11480/ucrt:/mnt/c/Users/lochr/AppData/Roaming/Dashlane/6.1.0.11480/bin/Qt:/mnt/c/Users/lochr/AppData/Roaming/Dashlane/6.1.0.11480/ucrt:/mnt/c/Users/lochr/AppData/Roaming/Dashlane/6.1.0.11480/bin/Ssl:/mnt/c/Users/lochr/AppData/Local/Programs/Microsoft VS Code/bin:/mnt/c/Program Files/Oracle/VirtualBox:/snap/bin
10 verbose lifecycle natours@1.0.0~compile:sass: CWD: /mnt/c/Users/lochr/OneDrive/Desktop/Udemy/advanced-css-course/Natours/starter
11 silly lifecycle natours@1.0.0~compile:sass: Args: [ '-c', 'node-sass sass/main.scss css/style.css -w' ]
12 silly lifecycle natours@1.0.0~compile:sass: Returned: code: 1  signal: null
13 info lifecycle natours@1.0.0~compile:sass: Failed to exec compile:sass script
14 verbose stack Error: natours@1.0.0 compile:sass: `node-sass sass/main.scss css/style.css -w`
14 verbose stack Exit status 1
14 verbose stack     at EventEmitter.<anonymous> (/usr/share/npm/lib/utils/lifecycle.js:232:16)
14 verbose stack     at emitTwo (events.js:126:13)
14 verbose stack     at EventEmitter.emit (events.js:214:7)
14 verbose stack     at ChildProcess.<anonymous> (/usr/share/npm/lib/utils/spawn.js:24:14)
14 verbose stack     at emitTwo (events.js:126:13)
14 verbose stack     at ChildProcess.emit (events.js:214:7)
14 verbose stack     at maybeClose (internal/child_process.js:925:16)
14 verbose stack     at Process.ChildProcess._handle.onexit (internal/child_process.js:209:5)
15 verbose pkgid natours@1.0.0
16 verbose cwd /mnt/c/Users/lochr/OneDrive/Desktop/Udemy/advanced-css-course/Natours/starter
17 error Linux 4.4.0-18362-Microsoft
18 error argv "/usr/bin/node" "/usr/bin/npm" "run" "compile:sass"
19 error node v8.10.0
20 error npm  v3.5.2
21 error code ELIFECYCLE
22 error natours@1.0.0 compile:sass: `node-sass sass/main.scss css/style.css -w`
22 error Exit status 1
23 error Failed at the natours@1.0.0 compile:sass script 'node-sass sass/main.scss css/style.css -w'.
23 error Make sure you have the latest version of node.js and npm installed.
23 error If you do, this is most likely a problem with the natours package,
23 error not with npm itself.
23 error Tell the author that this fails on your system:
23 error     node-sass sass/main.scss css/style.css -w
23 error You can get information on how to open an issue for this project with:
23 error     npm bugs natours
23 error Or if that isn't available, you can get their info via:
23 error     npm owner ls natours
23 error There is likely additional logging output above.
24 verbose exit [ 1, true ]
